[2024-12-26T11:07:35.552+0000] {local_task_job_runner.py:123} INFO - ::group::Pre task execution logs
[2024-12-26T11:07:35.560+0000] {taskinstance.py:2613} INFO - Dependencies all met for dep_context=non-requeueable deps ti=<TaskInstance: wiki_flow.extract_data_from_wikipedia manual__2024-12-26T11:05:47.815591+00:00 [queued]>
[2024-12-26T11:07:35.567+0000] {taskinstance.py:2613} INFO - Dependencies all met for dep_context=requeueable deps ti=<TaskInstance: wiki_flow.extract_data_from_wikipedia manual__2024-12-26T11:05:47.815591+00:00 [queued]>
[2024-12-26T11:07:35.567+0000] {taskinstance.py:2866} INFO - Starting attempt 2 of 2
[2024-12-26T11:07:35.574+0000] {taskinstance.py:2889} INFO - Executing <Task(PythonOperator): extract_data_from_wikipedia> on 2024-12-26 11:05:47.815591+00:00
[2024-12-26T11:07:35.580+0000] {warnings.py:112} WARNING - /home/***/.local/lib/python3.12/site-packages/***/task/task_runner/standard_task_runner.py:70: DeprecationWarning: This process (pid=573) is multi-threaded, use of fork() may lead to deadlocks in the child.
  pid = os.fork()

[2024-12-26T11:07:35.581+0000] {standard_task_runner.py:72} INFO - Started process 574 to run task
[2024-12-26T11:07:35.582+0000] {standard_task_runner.py:104} INFO - Running: ['***', 'tasks', 'run', 'wiki_flow', 'extract_data_from_wikipedia', 'manual__2024-12-26T11:05:47.815591+00:00', '--job-id', '13', '--raw', '--subdir', 'DAGS_FOLDER/testdatadownload.py', '--cfg-path', '/tmp/tmphqvie66y']
[2024-12-26T11:07:35.582+0000] {standard_task_runner.py:105} INFO - Job 13: Subtask extract_data_from_wikipedia
[2024-12-26T11:07:35.605+0000] {task_command.py:467} INFO - Running <TaskInstance: wiki_flow.extract_data_from_wikipedia manual__2024-12-26T11:05:47.815591+00:00 [running]> on host 1f987fbbf267
[2024-12-26T11:07:35.669+0000] {taskinstance.py:3132} INFO - Exporting env vars: AIRFLOW_CTX_DAG_OWNER='Gaurav' AIRFLOW_CTX_DAG_ID='wiki_flow' AIRFLOW_CTX_TASK_ID='extract_data_from_wikipedia' AIRFLOW_CTX_EXECUTION_DATE='2024-12-26T11:05:47.815591+00:00' AIRFLOW_CTX_TRY_NUMBER='2' AIRFLOW_CTX_DAG_RUN_ID='manual__2024-12-26T11:05:47.815591+00:00'
[2024-12-26T11:07:35.673+0000] {logging_mixin.py:190} INFO - Task instance is in running state
[2024-12-26T11:07:35.673+0000] {logging_mixin.py:190} INFO -  Previous state of the Task instance: queued
[2024-12-26T11:07:35.674+0000] {logging_mixin.py:190} INFO - Current task name:extract_data_from_wikipedia state:running start_date:2024-12-26 11:07:35.561071+00:00
[2024-12-26T11:07:35.674+0000] {logging_mixin.py:190} INFO - Dag name:wiki_flow and current dag run status:running
[2024-12-26T11:07:35.674+0000] {taskinstance.py:731} INFO - ::endgroup::
[2024-12-26T11:07:35.675+0000] {logging_mixin.py:190} INFO - Getting wikipedia page... https://en.wikipedia.org/wiki/List_of_association_football_stadiums_by_capacity
[2024-12-26T11:07:35.759+0000] {logging_mixin.py:190} INFO - Html data is written in text file
[2024-12-26T11:07:35.761+0000] {python.py:240} INFO - Done. Returned value was: None
[2024-12-26T11:07:35.771+0000] {taskinstance.py:340} INFO - ::group::Post task execution logs
[2024-12-26T11:07:35.771+0000] {taskinstance.py:352} INFO - Marking task as SUCCESS. dag_id=wiki_flow, task_id=extract_data_from_wikipedia, run_id=manual__2024-12-26T11:05:47.815591+00:00, execution_date=20241226T110547, start_date=20241226T110735, end_date=20241226T110735
[2024-12-26T11:07:35.778+0000] {logging_mixin.py:190} INFO - Task instance in success state
[2024-12-26T11:07:35.778+0000] {logging_mixin.py:190} INFO -  Previous state of the Task instance: running
[2024-12-26T11:07:35.778+0000] {logging_mixin.py:190} INFO - Dag name:wiki_flow queued_at:2024-12-26 11:07:33.412918+00:00
[2024-12-26T11:07:35.779+0000] {logging_mixin.py:190} INFO - Task hostname:1f987fbbf267 operator:PythonOperator
[2024-12-26T11:07:35.802+0000] {local_task_job_runner.py:266} INFO - Task exited with return code 0
[2024-12-26T11:07:35.813+0000] {taskinstance.py:3895} INFO - 0 downstream tasks scheduled from follow-on schedule check
[2024-12-26T11:07:35.814+0000] {local_task_job_runner.py:245} INFO - ::endgroup::
