[2024-12-26T11:00:02.020+0000] {local_task_job_runner.py:123} INFO - ::group::Pre task execution logs
[2024-12-26T11:00:02.028+0000] {taskinstance.py:2613} INFO - Dependencies all met for dep_context=non-requeueable deps ti=<TaskInstance: addition_number.add_numbers manual__2024-12-26T11:00:00.284557+00:00 [queued]>
[2024-12-26T11:00:02.031+0000] {taskinstance.py:2613} INFO - Dependencies all met for dep_context=requeueable deps ti=<TaskInstance: addition_number.add_numbers manual__2024-12-26T11:00:00.284557+00:00 [queued]>
[2024-12-26T11:00:02.031+0000] {taskinstance.py:2866} INFO - Starting attempt 1 of 1
[2024-12-26T11:00:02.037+0000] {taskinstance.py:2889} INFO - Executing <Task(PythonOperator): add_numbers> on 2024-12-26 11:00:00.284557+00:00
[2024-12-26T11:00:02.045+0000] {warnings.py:112} WARNING - /home/***/.local/lib/python3.12/site-packages/***/task/task_runner/standard_task_runner.py:70: DeprecationWarning: This process (pid=463) is multi-threaded, use of fork() may lead to deadlocks in the child.
  pid = os.fork()

[2024-12-26T11:00:02.048+0000] {standard_task_runner.py:72} INFO - Started process 464 to run task
[2024-12-26T11:00:02.047+0000] {standard_task_runner.py:104} INFO - Running: ['***', 'tasks', 'run', 'addition_number', 'add_numbers', 'manual__2024-12-26T11:00:00.284557+00:00', '--job-id', '11', '--raw', '--subdir', 'DAGS_FOLDER/test***.py', '--cfg-path', '/tmp/tmpn52x_8z6']
[2024-12-26T11:00:02.048+0000] {standard_task_runner.py:105} INFO - Job 11: Subtask add_numbers
[2024-12-26T11:00:02.072+0000] {task_command.py:467} INFO - Running <TaskInstance: addition_number.add_numbers manual__2024-12-26T11:00:00.284557+00:00 [running]> on host 1f987fbbf267
[2024-12-26T11:00:02.110+0000] {taskinstance.py:3132} INFO - Exporting env vars: AIRFLOW_CTX_DAG_OWNER='Gaurav' AIRFLOW_CTX_DAG_ID='addition_number' AIRFLOW_CTX_TASK_ID='add_numbers' AIRFLOW_CTX_EXECUTION_DATE='2024-12-26T11:00:00.284557+00:00' AIRFLOW_CTX_TRY_NUMBER='1' AIRFLOW_CTX_DAG_RUN_ID='manual__2024-12-26T11:00:00.284557+00:00'
[2024-12-26T11:00:02.111+0000] {logging_mixin.py:190} INFO - Task instance is in running state
[2024-12-26T11:00:02.111+0000] {logging_mixin.py:190} INFO -  Previous state of the Task instance: queued
[2024-12-26T11:00:02.111+0000] {logging_mixin.py:190} INFO - Current task name:add_numbers state:running start_date:2024-12-26 11:00:02.028637+00:00
[2024-12-26T11:00:02.111+0000] {logging_mixin.py:190} INFO - Dag name:addition_number and current dag run status:running
[2024-12-26T11:00:02.111+0000] {taskinstance.py:731} INFO - ::endgroup::
[2024-12-26T11:00:02.111+0000] {logging_mixin.py:190} INFO - Addition of a=3 and b=5 is:8
[2024-12-26T11:00:02.112+0000] {python.py:240} INFO - Done. Returned value was: None
[2024-12-26T11:00:02.127+0000] {taskinstance.py:340} INFO - ::group::Post task execution logs
[2024-12-26T11:00:02.130+0000] {taskinstance.py:352} INFO - Marking task as SUCCESS. dag_id=addition_number, task_id=add_numbers, run_id=manual__2024-12-26T11:00:00.284557+00:00, execution_date=20241226T110000, start_date=20241226T110002, end_date=20241226T110002
[2024-12-26T11:00:02.145+0000] {logging_mixin.py:190} INFO - Task instance in success state
[2024-12-26T11:00:02.145+0000] {logging_mixin.py:190} INFO -  Previous state of the Task instance: running
[2024-12-26T11:00:02.145+0000] {logging_mixin.py:190} INFO - Dag name:addition_number queued_at:2024-12-26 11:00:00.320043+00:00
[2024-12-26T11:00:02.145+0000] {logging_mixin.py:190} INFO - Task hostname:1f987fbbf267 operator:PythonOperator
[2024-12-26T11:00:02.152+0000] {local_task_job_runner.py:266} INFO - Task exited with return code 0
[2024-12-26T11:00:02.162+0000] {taskinstance.py:3895} INFO - 0 downstream tasks scheduled from follow-on schedule check
[2024-12-26T11:00:02.162+0000] {local_task_job_runner.py:245} INFO - ::endgroup::
