[2024-12-26T11:08:03.857+0000] {local_task_job_runner.py:123} INFO - ::group::Pre task execution logs
[2024-12-26T11:08:03.865+0000] {taskinstance.py:2613} INFO - Dependencies all met for dep_context=non-requeueable deps ti=<TaskInstance: wiki_flow.extract_data_from_wikipedia manual__2024-12-26T11:08:01.845514+00:00 [queued]>
[2024-12-26T11:08:03.869+0000] {taskinstance.py:2613} INFO - Dependencies all met for dep_context=requeueable deps ti=<TaskInstance: wiki_flow.extract_data_from_wikipedia manual__2024-12-26T11:08:01.845514+00:00 [queued]>
[2024-12-26T11:08:03.869+0000] {taskinstance.py:2866} INFO - Starting attempt 1 of 1
[2024-12-26T11:08:03.875+0000] {taskinstance.py:2889} INFO - Executing <Task(PythonOperator): extract_data_from_wikipedia> on 2024-12-26 11:08:01.845514+00:00
[2024-12-26T11:08:03.886+0000] {warnings.py:112} WARNING - /home/***/.local/lib/python3.12/site-packages/***/task/task_runner/standard_task_runner.py:70: DeprecationWarning: This process (pid=576) is multi-threaded, use of fork() may lead to deadlocks in the child.
  pid = os.fork()

[2024-12-26T11:08:03.888+0000] {standard_task_runner.py:72} INFO - Started process 577 to run task
[2024-12-26T11:08:03.888+0000] {standard_task_runner.py:104} INFO - Running: ['***', 'tasks', 'run', 'wiki_flow', 'extract_data_from_wikipedia', 'manual__2024-12-26T11:08:01.845514+00:00', '--job-id', '14', '--raw', '--subdir', 'DAGS_FOLDER/testdatadownload.py', '--cfg-path', '/tmp/tmpzhk6ifbn']
[2024-12-26T11:08:03.889+0000] {standard_task_runner.py:105} INFO - Job 14: Subtask extract_data_from_wikipedia
[2024-12-26T11:08:03.931+0000] {task_command.py:467} INFO - Running <TaskInstance: wiki_flow.extract_data_from_wikipedia manual__2024-12-26T11:08:01.845514+00:00 [running]> on host 1f987fbbf267
[2024-12-26T11:08:03.972+0000] {taskinstance.py:3132} INFO - Exporting env vars: AIRFLOW_CTX_DAG_OWNER='Gaurav' AIRFLOW_CTX_DAG_ID='wiki_flow' AIRFLOW_CTX_TASK_ID='extract_data_from_wikipedia' AIRFLOW_CTX_EXECUTION_DATE='2024-12-26T11:08:01.845514+00:00' AIRFLOW_CTX_TRY_NUMBER='1' AIRFLOW_CTX_DAG_RUN_ID='manual__2024-12-26T11:08:01.845514+00:00'
[2024-12-26T11:08:03.974+0000] {logging_mixin.py:190} INFO - Task instance is in running state
[2024-12-26T11:08:03.974+0000] {logging_mixin.py:190} INFO -  Previous state of the Task instance: queued
[2024-12-26T11:08:03.974+0000] {logging_mixin.py:190} INFO - Current task name:extract_data_from_wikipedia state:running start_date:2024-12-26 11:08:03.865999+00:00
[2024-12-26T11:08:03.975+0000] {logging_mixin.py:190} INFO - Dag name:wiki_flow and current dag run status:running
[2024-12-26T11:08:03.975+0000] {taskinstance.py:731} INFO - ::endgroup::
[2024-12-26T11:08:03.976+0000] {logging_mixin.py:190} INFO - Getting wikipedia page... https://en.wikipedia.org/wiki/List_of_association_football_stadiums_by_capacity
[2024-12-26T11:08:04.123+0000] {logging_mixin.py:190} INFO - Html data is written in text file
[2024-12-26T11:08:04.134+0000] {python.py:240} INFO - Done. Returned value was: None
[2024-12-26T11:08:04.155+0000] {taskinstance.py:340} INFO - ::group::Post task execution logs
[2024-12-26T11:08:04.156+0000] {taskinstance.py:352} INFO - Marking task as SUCCESS. dag_id=wiki_flow, task_id=extract_data_from_wikipedia, run_id=manual__2024-12-26T11:08:01.845514+00:00, execution_date=20241226T110801, start_date=20241226T110803, end_date=20241226T110804
[2024-12-26T11:08:04.171+0000] {logging_mixin.py:190} INFO - Task instance in success state
[2024-12-26T11:08:04.172+0000] {logging_mixin.py:190} INFO -  Previous state of the Task instance: running
[2024-12-26T11:08:04.173+0000] {logging_mixin.py:190} INFO - Dag name:wiki_flow queued_at:2024-12-26 11:08:01.871945+00:00
[2024-12-26T11:08:04.173+0000] {logging_mixin.py:190} INFO - Task hostname:1f987fbbf267 operator:PythonOperator
[2024-12-26T11:08:04.197+0000] {local_task_job_runner.py:266} INFO - Task exited with return code 0
[2024-12-26T11:08:04.218+0000] {taskinstance.py:3895} INFO - 0 downstream tasks scheduled from follow-on schedule check
[2024-12-26T11:08:04.219+0000] {local_task_job_runner.py:245} INFO - ::endgroup::
